{"/home/vrom/fso/fullstackopen/part5/src/App.js": {"path":"/home/vrom/fso/fullstackopen/part5/src/App.js","statementMap":{"0":{"start":{"line":9,"column":12},"end":{"line":136,"column":1}},"1":{"start":{"line":10,"column":28},"end":{"line":10,"column":40}},"2":{"start":{"line":11,"column":26},"end":{"line":11,"column":38}},"3":{"start":{"line":13,"column":42},"end":{"line":13,"column":54}},"4":{"start":{"line":14,"column":32},"end":{"line":14,"column":46}},"5":{"start":{"line":16,"column":2},"end":{"line":20,"column":8}},"6":{"start":{"line":17,"column":4},"end":{"line":19,"column":5}},"7":{"start":{"line":18,"column":6},"end":{"line":18,"column":21}},"8":{"start":{"line":22,"column":2},"end":{"line":29,"column":8}},"9":{"start":{"line":23,"column":23},"end":{"line":23,"column":68}},"10":{"start":{"line":24,"column":4},"end":{"line":28,"column":5}},"11":{"start":{"line":25,"column":19},"end":{"line":25,"column":41}},"12":{"start":{"line":26,"column":6},"end":{"line":26,"column":19}},"13":{"start":{"line":27,"column":6},"end":{"line":27,"column":38}},"14":{"start":{"line":31,"column":20},"end":{"line":50,"column":3}},"15":{"start":{"line":32,"column":4},"end":{"line":49,"column":5}},"16":{"start":{"line":33,"column":19},"end":{"line":33,"column":55}},"17":{"start":{"line":34,"column":6},"end":{"line":34,"column":73}},"18":{"start":{"line":35,"column":6},"end":{"line":35,"column":38}},"19":{"start":{"line":36,"column":6},"end":{"line":36,"column":22}},"20":{"start":{"line":37,"column":6},"end":{"line":37,"column":48}},"21":{"start":{"line":38,"column":6},"end":{"line":40,"column":14}},"22":{"start":{"line":39,"column":8},"end":{"line":39,"column":27}},"23":{"start":{"line":41,"column":6},"end":{"line":41,"column":19}},"24":{"start":{"line":43,"column":6},"end":{"line":43,"column":42}},"25":{"start":{"line":44,"column":6},"end":{"line":44,"column":23}},"26":{"start":{"line":45,"column":6},"end":{"line":48,"column":14}},"27":{"start":{"line":46,"column":8},"end":{"line":46,"column":27}},"28":{"start":{"line":47,"column":8},"end":{"line":47,"column":24}},"29":{"start":{"line":52,"column":18},"end":{"line":69,"column":3}},"30":{"start":{"line":53,"column":4},"end":{"line":68,"column":5}},"31":{"start":{"line":54,"column":27},"end":{"line":54,"column":63}},"32":{"start":{"line":55,"column":6},"end":{"line":55,"column":42}},"33":{"start":{"line":56,"column":6},"end":{"line":56,"column":102}},"34":{"start":{"line":57,"column":6},"end":{"line":57,"column":22}},"35":{"start":{"line":58,"column":6},"end":{"line":60,"column":14}},"36":{"start":{"line":59,"column":8},"end":{"line":59,"column":27}},"37":{"start":{"line":62,"column":6},"end":{"line":62,"column":32}},"38":{"start":{"line":63,"column":6},"end":{"line":63,"column":23}},"39":{"start":{"line":64,"column":6},"end":{"line":67,"column":14}},"40":{"start":{"line":65,"column":8},"end":{"line":65,"column":27}},"41":{"start":{"line":66,"column":8},"end":{"line":66,"column":24}},"42":{"start":{"line":71,"column":21},"end":{"line":95,"column":3}},"43":{"start":{"line":72,"column":20},"end":{"line":72,"column":112}},"44":{"start":{"line":73,"column":4},"end":{"line":73,"column":24}},"45":{"start":{"line":73,"column":18},"end":{"line":73,"column":24}},"46":{"start":{"line":75,"column":4},"end":{"line":94,"column":5}},"47":{"start":{"line":76,"column":6},"end":{"line":76,"column":45}},"48":{"start":{"line":77,"column":24},"end":{"line":77,"column":74}},"49":{"start":{"line":77,"column":48},"end":{"line":77,"column":73}},"50":{"start":{"line":78,"column":26},"end":{"line":78,"column":36}},"51":{"start":{"line":79,"column":6},"end":{"line":79,"column":38}},"52":{"start":{"line":81,"column":6},"end":{"line":81,"column":27}},"53":{"start":{"line":82,"column":6},"end":{"line":82,"column":90}},"54":{"start":{"line":83,"column":6},"end":{"line":83,"column":22}},"55":{"start":{"line":84,"column":6},"end":{"line":86,"column":14}},"56":{"start":{"line":85,"column":8},"end":{"line":85,"column":27}},"57":{"start":{"line":88,"column":6},"end":{"line":88,"column":32}},"58":{"start":{"line":89,"column":6},"end":{"line":89,"column":23}},"59":{"start":{"line":90,"column":6},"end":{"line":93,"column":14}},"60":{"start":{"line":91,"column":8},"end":{"line":91,"column":27}},"61":{"start":{"line":92,"column":8},"end":{"line":92,"column":24}},"62":{"start":{"line":97,"column":23},"end":{"line":100,"column":3}},"63":{"start":{"line":98,"column":4},"end":{"line":98,"column":52}},"64":{"start":{"line":99,"column":4},"end":{"line":99,"column":15}},"65":{"start":{"line":102,"column":2},"end":{"line":135,"column":3}},"66":{"start":{"line":126,"column":24},"end":{"line":126,"column":41}},"67":{"start":{"line":128,"column":10},"end":{"line":132,"column":12}}},"fnMap":{"0":{"name":"(anonymous_0)","decl":{"start":{"line":9,"column":12},"end":{"line":9,"column":13}},"loc":{"start":{"line":9,"column":18},"end":{"line":136,"column":1}},"line":9},"1":{"name":"(anonymous_1)","decl":{"start":{"line":16,"column":12},"end":{"line":16,"column":13}},"loc":{"start":{"line":16,"column":18},"end":{"line":20,"column":3}},"line":16},"2":{"name":"(anonymous_2)","decl":{"start":{"line":17,"column":30},"end":{"line":17,"column":31}},"loc":{"start":{"line":18,"column":6},"end":{"line":18,"column":21}},"line":18},"3":{"name":"(anonymous_3)","decl":{"start":{"line":22,"column":12},"end":{"line":22,"column":13}},"loc":{"start":{"line":22,"column":18},"end":{"line":29,"column":3}},"line":22},"4":{"name":"(anonymous_4)","decl":{"start":{"line":31,"column":20},"end":{"line":31,"column":21}},"loc":{"start":{"line":31,"column":42},"end":{"line":50,"column":3}},"line":31},"5":{"name":"(anonymous_5)","decl":{"start":{"line":38,"column":17},"end":{"line":38,"column":18}},"loc":{"start":{"line":38,"column":23},"end":{"line":40,"column":7}},"line":38},"6":{"name":"(anonymous_6)","decl":{"start":{"line":45,"column":17},"end":{"line":45,"column":18}},"loc":{"start":{"line":45,"column":23},"end":{"line":48,"column":7}},"line":45},"7":{"name":"(anonymous_7)","decl":{"start":{"line":52,"column":18},"end":{"line":52,"column":19}},"loc":{"start":{"line":52,"column":40},"end":{"line":69,"column":3}},"line":52},"8":{"name":"(anonymous_8)","decl":{"start":{"line":58,"column":17},"end":{"line":58,"column":18}},"loc":{"start":{"line":58,"column":23},"end":{"line":60,"column":7}},"line":58},"9":{"name":"(anonymous_9)","decl":{"start":{"line":64,"column":17},"end":{"line":64,"column":18}},"loc":{"start":{"line":64,"column":23},"end":{"line":67,"column":7}},"line":64},"10":{"name":"(anonymous_10)","decl":{"start":{"line":71,"column":21},"end":{"line":71,"column":22}},"loc":{"start":{"line":71,"column":43},"end":{"line":95,"column":3}},"line":71},"11":{"name":"(anonymous_11)","decl":{"start":{"line":77,"column":40},"end":{"line":77,"column":41}},"loc":{"start":{"line":77,"column":48},"end":{"line":77,"column":73}},"line":77},"12":{"name":"(anonymous_12)","decl":{"start":{"line":84,"column":17},"end":{"line":84,"column":18}},"loc":{"start":{"line":84,"column":23},"end":{"line":86,"column":7}},"line":84},"13":{"name":"(anonymous_13)","decl":{"start":{"line":90,"column":17},"end":{"line":90,"column":18}},"loc":{"start":{"line":90,"column":23},"end":{"line":93,"column":7}},"line":90},"14":{"name":"(anonymous_14)","decl":{"start":{"line":97,"column":23},"end":{"line":97,"column":24}},"loc":{"start":{"line":97,"column":29},"end":{"line":100,"column":3}},"line":97},"15":{"name":"(anonymous_15)","decl":{"start":{"line":126,"column":14},"end":{"line":126,"column":15}},"loc":{"start":{"line":126,"column":24},"end":{"line":126,"column":41}},"line":126},"16":{"name":"(anonymous_16)","decl":{"start":{"line":127,"column":13},"end":{"line":127,"column":14}},"loc":{"start":{"line":128,"column":10},"end":{"line":132,"column":12}},"line":128}},"branchMap":{"0":{"loc":{"start":{"line":24,"column":4},"end":{"line":28,"column":5}},"type":"if","locations":[{"start":{"line":24,"column":4},"end":{"line":28,"column":5}},{"start":{"line":24,"column":4},"end":{"line":28,"column":5}}],"line":24},"1":{"loc":{"start":{"line":73,"column":4},"end":{"line":73,"column":24}},"type":"if","locations":[{"start":{"line":73,"column":4},"end":{"line":73,"column":24}},{"start":{"line":73,"column":4},"end":{"line":73,"column":24}}],"line":73},"2":{"loc":{"start":{"line":105,"column":8},"end":{"line":110,"column":16}},"type":"cond-expr","locations":[{"start":{"line":106,"column":13},"end":{"line":108,"column":61}},{"start":{"line":110,"column":12},"end":{"line":110,"column":16}}],"line":105},"3":{"loc":{"start":{"line":106,"column":13},"end":{"line":108,"column":61}},"type":"cond-expr","locations":[{"start":{"line":107,"column":16},"end":{"line":107,"column":55}},{"start":{"line":108,"column":16},"end":{"line":108,"column":61}}],"line":106},"4":{"loc":{"start":{"line":114,"column":8},"end":{"line":118,"column":14}},"type":"cond-expr","locations":[{"start":{"line":115,"column":12},"end":{"line":115,"column":90}},{"start":{"line":116,"column":12},"end":{"line":118,"column":14}}],"line":114}},"s":{"0":0,"1":0,"2":0,"3":0,"4":0,"5":0,"6":0,"7":0,"8":0,"9":0,"10":0,"11":0,"12":0,"13":0,"14":0,"15":0,"16":0,"17":0,"18":0,"19":0,"20":0,"21":0,"22":0,"23":0,"24":0,"25":0,"26":0,"27":0,"28":0,"29":0,"30":0,"31":0,"32":0,"33":0,"34":0,"35":0,"36":0,"37":0,"38":0,"39":0,"40":0,"41":0,"42":0,"43":0,"44":0,"45":0,"46":0,"47":0,"48":0,"49":0,"50":0,"51":0,"52":0,"53":0,"54":0,"55":0,"56":0,"57":0,"58":0,"59":0,"60":0,"61":0,"62":0,"63":0,"64":0,"65":0,"66":0,"67":0},"f":{"0":0,"1":0,"2":0,"3":0,"4":0,"5":0,"6":0,"7":0,"8":0,"9":0,"10":0,"11":0,"12":0,"13":0,"14":0,"15":0,"16":0},"b":{"0":[0,0],"1":[0,0],"2":[0,0],"3":[0,0],"4":[0,0]}}
,"/home/vrom/fso/fullstackopen/part5/src/components/Blog.js": {"path":"/home/vrom/fso/fullstackopen/part5/src/components/Blog.js","statementMap":{"0":{"start":{"line":5,"column":13},"end":{"line":37,"column":1}},"1":{"start":{"line":6,"column":40},"end":{"line":6,"column":55}},"2":{"start":{"line":7,"column":28},"end":{"line":7,"column":48}},"3":{"start":{"line":8,"column":24},"end":{"line":8,"column":58}},"4":{"start":{"line":8,"column":30},"end":{"line":8,"column":58}},"5":{"start":{"line":10,"column":22},"end":{"line":13,"column":3}},"6":{"start":{"line":11,"column":4},"end":{"line":11,"column":55}},"7":{"start":{"line":12,"column":4},"end":{"line":12,"column":23}},"8":{"start":{"line":15,"column":2},"end":{"line":36,"column":3}},"9":{"start":{"line":26,"column":68},"end":{"line":26,"column":88}},"10":{"start":{"line":29,"column":39},"end":{"line":29,"column":55}},"11":{"start":{"line":39,"column":0},"end":{"line":47,"column":1}}},"fnMap":{"0":{"name":"(anonymous_0)","decl":{"start":{"line":5,"column":13},"end":{"line":5,"column":14}},"loc":{"start":{"line":5,"column":39},"end":{"line":37,"column":1}},"line":5},"1":{"name":"(anonymous_1)","decl":{"start":{"line":8,"column":24},"end":{"line":8,"column":25}},"loc":{"start":{"line":8,"column":30},"end":{"line":8,"column":58}},"line":8},"2":{"name":"(anonymous_2)","decl":{"start":{"line":10,"column":22},"end":{"line":10,"column":23}},"loc":{"start":{"line":10,"column":36},"end":{"line":13,"column":3}},"line":10},"3":{"name":"(anonymous_3)","decl":{"start":{"line":26,"column":62},"end":{"line":26,"column":63}},"loc":{"start":{"line":26,"column":68},"end":{"line":26,"column":88}},"line":26},"4":{"name":"(anonymous_4)","decl":{"start":{"line":29,"column":33},"end":{"line":29,"column":34}},"loc":{"start":{"line":29,"column":39},"end":{"line":29,"column":55}},"line":29}},"branchMap":{"0":{"loc":{"start":{"line":20,"column":39},"end":{"line":20,"column":68}},"type":"cond-expr","locations":[{"start":{"line":20,"column":53},"end":{"line":20,"column":59}},{"start":{"line":20,"column":62},"end":{"line":20,"column":68}}],"line":20},"1":{"loc":{"start":{"line":22,"column":8},"end":{"line":33,"column":14}},"type":"cond-expr","locations":[{"start":{"line":24,"column":12},"end":{"line":31,"column":15}},{"start":{"line":33,"column":12},"end":{"line":33,"column":14}}],"line":22}},"s":{"0":1,"1":3,"2":3,"3":3,"4":1,"5":3,"6":0,"7":0,"8":3,"9":0,"10":0,"11":1},"f":{"0":3,"1":1,"2":0,"3":0,"4":0},"b":{"0":[1,2],"1":[1,2]},"_coverageSchema":"1a1c01bbd47fc00a2c39e90264f33305004495a9","hash":"affe392e8207dc5c38963f845b95cfff0a38e596"}
,"/home/vrom/fso/fullstackopen/part5/src/components/BlogForm.js": {"path":"/home/vrom/fso/fullstackopen/part5/src/components/BlogForm.js","statementMap":{"0":{"start":{"line":6,"column":28},"end":{"line":6,"column":40}},"1":{"start":{"line":7,"column":30},"end":{"line":7,"column":42}},"2":{"start":{"line":8,"column":24},"end":{"line":8,"column":36}},"3":{"start":{"line":10,"column":23},"end":{"line":10,"column":31}},"4":{"start":{"line":12,"column":28},"end":{"line":12,"column":59}},"5":{"start":{"line":12,"column":35},"end":{"line":12,"column":59}},"6":{"start":{"line":13,"column":29},"end":{"line":13,"column":61}},"7":{"start":{"line":13,"column":36},"end":{"line":13,"column":61}},"8":{"start":{"line":14,"column":26},"end":{"line":14,"column":55}},"9":{"start":{"line":14,"column":33},"end":{"line":14,"column":55}},"10":{"start":{"line":16,"column":23},"end":{"line":28,"column":3}},"11":{"start":{"line":17,"column":4},"end":{"line":17,"column":22}},"12":{"start":{"line":18,"column":20},"end":{"line":22,"column":5}},"13":{"start":{"line":23,"column":4},"end":{"line":23,"column":20}},"14":{"start":{"line":24,"column":4},"end":{"line":24,"column":43}},"15":{"start":{"line":25,"column":4},"end":{"line":25,"column":16}},"16":{"start":{"line":26,"column":4},"end":{"line":26,"column":17}},"17":{"start":{"line":27,"column":4},"end":{"line":27,"column":14}},"18":{"start":{"line":29,"column":2},"end":{"line":56,"column":3}}},"fnMap":{"0":{"name":"BlogForm","decl":{"start":{"line":5,"column":24},"end":{"line":5,"column":32}},"loc":{"start":{"line":5,"column":47},"end":{"line":57,"column":1}},"line":5},"1":{"name":"(anonymous_1)","decl":{"start":{"line":12,"column":28},"end":{"line":12,"column":29}},"loc":{"start":{"line":12,"column":35},"end":{"line":12,"column":59}},"line":12},"2":{"name":"(anonymous_2)","decl":{"start":{"line":13,"column":29},"end":{"line":13,"column":30}},"loc":{"start":{"line":13,"column":36},"end":{"line":13,"column":61}},"line":13},"3":{"name":"(anonymous_3)","decl":{"start":{"line":14,"column":26},"end":{"line":14,"column":27}},"loc":{"start":{"line":14,"column":33},"end":{"line":14,"column":55}},"line":14},"4":{"name":"(anonymous_4)","decl":{"start":{"line":16,"column":23},"end":{"line":16,"column":24}},"loc":{"start":{"line":16,"column":30},"end":{"line":28,"column":3}},"line":16}},"branchMap":{},"s":{"0":5,"1":5,"2":5,"3":5,"4":5,"5":1,"6":5,"7":1,"8":5,"9":1,"10":5,"11":1,"12":1,"13":1,"14":1,"15":1,"16":1,"17":1,"18":5},"f":{"0":5,"1":1,"2":1,"3":1,"4":1},"b":{},"_coverageSchema":"1a1c01bbd47fc00a2c39e90264f33305004495a9","hash":"538cf5f420c0719aa7d145f45e7f3ad1446183d8"}
,"/home/vrom/fso/fullstackopen/part5/src/components/InputField.js": {"path":"/home/vrom/fso/fullstackopen/part5/src/components/InputField.js","statementMap":{"0":{"start":{"line":2,"column":2},"end":{"line":13,"column":3}}},"fnMap":{"0":{"name":"InputField","decl":{"start":{"line":1,"column":24},"end":{"line":1,"column":34}},"loc":{"start":{"line":1,"column":71},"end":{"line":14,"column":1}},"line":1}},"branchMap":{},"s":{"0":15},"f":{"0":15},"b":{},"_coverageSchema":"1a1c01bbd47fc00a2c39e90264f33305004495a9","hash":"431f029f81f564f0fce024611f2600c9e57bbfdf"}
,"/home/vrom/fso/fullstackopen/part5/src/components/Togglable.js": {"path":"/home/vrom/fso/fullstackopen/part5/src/components/Togglable.js","statementMap":{"0":{"start":{"line":4,"column":18},"end":{"line":31,"column":2}},"1":{"start":{"line":5,"column":32},"end":{"line":5,"column":46}},"2":{"start":{"line":7,"column":26},"end":{"line":7,"column":60}},"3":{"start":{"line":8,"column":26},"end":{"line":8,"column":60}},"4":{"start":{"line":10,"column":27},"end":{"line":12,"column":3}},"5":{"start":{"line":11,"column":4},"end":{"line":11,"column":24}},"6":{"start":{"line":14,"column":2},"end":{"line":18,"column":4}},"7":{"start":{"line":15,"column":4},"end":{"line":17,"column":5}},"8":{"start":{"line":20,"column":2},"end":{"line":30,"column":3}},"9":{"start":{"line":33,"column":0},"end":{"line":33,"column":35}},"10":{"start":{"line":34,"column":0},"end":{"line":36,"column":1}}},"fnMap":{"0":{"name":"(anonymous_0)","decl":{"start":{"line":4,"column":29},"end":{"line":4,"column":30}},"loc":{"start":{"line":4,"column":65},"end":{"line":31,"column":1}},"line":4},"1":{"name":"(anonymous_1)","decl":{"start":{"line":10,"column":27},"end":{"line":10,"column":28}},"loc":{"start":{"line":10,"column":33},"end":{"line":12,"column":3}},"line":10},"2":{"name":"(anonymous_2)","decl":{"start":{"line":14,"column":27},"end":{"line":14,"column":28}},"loc":{"start":{"line":14,"column":33},"end":{"line":18,"column":3}},"line":14}},"branchMap":{"0":{"loc":{"start":{"line":7,"column":37},"end":{"line":7,"column":58}},"type":"cond-expr","locations":[{"start":{"line":7,"column":47},"end":{"line":7,"column":53}},{"start":{"line":7,"column":56},"end":{"line":7,"column":58}}],"line":7},"1":{"loc":{"start":{"line":8,"column":37},"end":{"line":8,"column":58}},"type":"cond-expr","locations":[{"start":{"line":8,"column":47},"end":{"line":8,"column":49}},{"start":{"line":8,"column":52},"end":{"line":8,"column":58}}],"line":8}},"s":{"0":2,"1":11,"2":11,"3":11,"4":11,"5":4,"6":11,"7":5,"8":11,"9":2,"10":2},"f":{"0":11,"1":4,"2":5},"b":{"0":[8,3],"1":[8,3]},"_coverageSchema":"1a1c01bbd47fc00a2c39e90264f33305004495a9","hash":"7670ce4e7e6f53f7312092b061deea4cc8e50a6b"}
,"/home/vrom/fso/fullstackopen/part5/src/services/blogs.js": {"path":"/home/vrom/fso/fullstackopen/part5/src/services/blogs.js","statementMap":{"0":{"start":{"line":2,"column":16},"end":{"line":2,"column":49}},"1":{"start":{"line":4,"column":12},"end":{"line":4,"column":16}},"2":{"start":{"line":6,"column":17},"end":{"line":8,"column":1}},"3":{"start":{"line":7,"column":2},"end":{"line":7,"column":30}},"4":{"start":{"line":10,"column":15},"end":{"line":13,"column":1}},"5":{"start":{"line":11,"column":19},"end":{"line":11,"column":43}},"6":{"start":{"line":12,"column":2},"end":{"line":12,"column":22}},"7":{"start":{"line":15,"column":15},"end":{"line":21,"column":1}},"8":{"start":{"line":16,"column":17},"end":{"line":18,"column":3}},"9":{"start":{"line":19,"column":19},"end":{"line":19,"column":61}},"10":{"start":{"line":20,"column":2},"end":{"line":20,"column":22}},"11":{"start":{"line":23,"column":16},"end":{"line":29,"column":1}},"12":{"start":{"line":24,"column":17},"end":{"line":26,"column":3}},"13":{"start":{"line":27,"column":19},"end":{"line":27,"column":73}},"14":{"start":{"line":28,"column":2},"end":{"line":28,"column":22}},"15":{"start":{"line":31,"column":15},"end":{"line":37,"column":1}},"16":{"start":{"line":32,"column":17},"end":{"line":34,"column":3}},"17":{"start":{"line":35,"column":19},"end":{"line":35,"column":65}},"18":{"start":{"line":36,"column":2},"end":{"line":36,"column":22}}},"fnMap":{"0":{"name":"(anonymous_0)","decl":{"start":{"line":6,"column":17},"end":{"line":6,"column":18}},"loc":{"start":{"line":6,"column":29},"end":{"line":8,"column":1}},"line":6},"1":{"name":"(anonymous_1)","decl":{"start":{"line":10,"column":15},"end":{"line":10,"column":16}},"loc":{"start":{"line":10,"column":27},"end":{"line":13,"column":1}},"line":10},"2":{"name":"(anonymous_2)","decl":{"start":{"line":15,"column":15},"end":{"line":15,"column":16}},"loc":{"start":{"line":15,"column":34},"end":{"line":21,"column":1}},"line":15},"3":{"name":"(anonymous_3)","decl":{"start":{"line":23,"column":16},"end":{"line":23,"column":17}},"loc":{"start":{"line":23,"column":32},"end":{"line":29,"column":1}},"line":23},"4":{"name":"(anonymous_4)","decl":{"start":{"line":31,"column":15},"end":{"line":31,"column":16}},"loc":{"start":{"line":31,"column":29},"end":{"line":37,"column":1}},"line":31}},"branchMap":{},"s":{"0":1,"1":1,"2":1,"3":0,"4":1,"5":0,"6":0,"7":1,"8":0,"9":0,"10":0,"11":1,"12":0,"13":0,"14":0,"15":1,"16":0,"17":0,"18":0},"f":{"0":0,"1":0,"2":0,"3":0,"4":0},"b":{},"_coverageSchema":"1a1c01bbd47fc00a2c39e90264f33305004495a9","hash":"9cc803762722e0c47abe789b33264958f458d5ea"}
}
